\BOOKMARK [1][-]{tableofcontents.1}{Contents}{}% 1
\BOOKMARK [1][-]{acronyms.1}{Acronyms}{}% 2
\BOOKMARK [0][]{chapter.1}{1 Introduction}{}% 3
\BOOKMARK [0][]{chapter.2}{2 Active Motion}{}% 4
\BOOKMARK [1][-]{section.2.1}{2.1 Motivation and examples}{chapter.2}% 5
\BOOKMARK [0][]{chapter.3}{3 Modeling Stochastic Dynamics of Active Matter}{}% 6
\BOOKMARK [1][-]{section.3.1}{3.1 Mathematical framework and conventions}{chapter.3}% 7
\BOOKMARK [1][-]{section.3.2}{3.2 Simple isotropic random walk}{chapter.3}% 8
\BOOKMARK [1][-]{section.3.3}{3.3 Biased random walk}{chapter.3}% 9
\BOOKMARK [1][-]{section.3.4}{3.4 Persistent random walk}{chapter.3}% 10
\BOOKMARK [2][-]{subsection.3.4.1}{3.4.1 Persistent random walk on a two-dimensional lattice}{section.3.4}% 11
\BOOKMARK [2][-]{subsection.3.4.2}{3.4.2 Persistent random walk in two-dimensional continuous space}{section.3.4}% 12
\BOOKMARK [0][]{chapter.4}{4 Random Search Strategies}{}% 13
\BOOKMARK [1][-]{section.4.1}{4.1 Classification of search strategies}{chapter.4}% 14
\BOOKMARK [1][-]{section.4.2}{4.2 First-passage properties}{chapter.4}% 15
\BOOKMARK [2][-]{subsection.4.2.1}{4.2.1 An intuitive approach to first-passage properties}{section.4.2}% 16
\BOOKMARK [2][-]{subsection.4.2.2}{4.2.2 Electrostatics approach}{section.4.2}% 17
\BOOKMARK [2][-]{subsection.4.2.3}{4.2.3 Further approaches}{section.4.2}% 18
\BOOKMARK [1][-]{section.4.3}{4.3 Search strategies beyond ordinary diffusion processes}{chapter.4}% 19
\BOOKMARK [2][-]{subsection.4.3.1}{4.3.1 L\351vy walks}{section.4.3}% 20
\BOOKMARK [2][-]{subsection.4.3.2}{4.3.2 Intermittent search}{section.4.3}% 21
\BOOKMARK [2][-]{subsection.4.3.3}{4.3.3 Sources of complexity in real systems}{section.4.3}% 22
\BOOKMARK [1][-]{section.4.4}{4.4 First-passage times of persistent random walkers}{chapter.4}% 23
\BOOKMARK [0][]{chapter.5}{5 Search and Navigation in the Presence of Local Cues}{}% 24
\BOOKMARK [1][-]{section.5.1}{5.1 Directional navigation \(Taxis\)}{chapter.5}% 25
\BOOKMARK [2][-]{subsection.5.1.1}{5.1.1 Chemotaxis}{section.5.1}% 26
\BOOKMARK [1][-]{section.5.2}{5.2 Non-directional navigation \(Kinesis\)}{chapter.5}% 27
\BOOKMARK [2][-]{subsection.5.2.1}{5.2.1 Chemokinesis}{section.5.2}% 28
\BOOKMARK [2][-]{subsection.5.2.2}{5.2.2 Durokinesis}{section.5.2}% 29
\BOOKMARK [1][-]{section.5.3}{5.3 Outlook and further directions}{chapter.5}% 30
\BOOKMARK [0][]{section*.21}{ Bibliography}{}% 31
