\BOOKMARK [1][-]{tableofcontents.1}{Contents}{}% 1
\BOOKMARK [1][-]{lof.1}{List of Figures}{}% 2
\BOOKMARK [1][-]{lot.1}{List of Tables}{}% 3
\BOOKMARK [1][-]{lol.1}{Listings}{}% 4
\BOOKMARK [1][-]{acronyms.1}{Acronyms}{}% 5
\BOOKMARK [-1][]{part.1}{ Introduction}{}% 6
\BOOKMARK [-1][]{part.2}{ Theoretical background}{}% 7
\BOOKMARK [0][]{chapter.1}{1 Random walks}{part.2}% 8
\BOOKMARK [1][-]{section.1.1}{1.1 Simple symmetric random walk}{chapter.1}% 9
\BOOKMARK [1][-]{section.1.2}{1.2 Biased random walk}{chapter.1}% 10
\BOOKMARK [1][-]{section.1.3}{1.3 Short introduction of other kinds of random walks}{chapter.1}% 11
\BOOKMARK [1][-]{section.1.4}{1.4 Persistent random walk}{chapter.1}% 12
\BOOKMARK [0][]{chapter.2}{2 First-passage times}{part.2}% 13
\BOOKMARK [1][-]{section.2.1}{2.1 Discrete systems}{chapter.2}% 14
\BOOKMARK [1][-]{section.2.2}{2.2 Continuous systems}{chapter.2}% 15
\BOOKMARK [0][]{chapter.3}{3 Chemotaxis}{part.2}% 16
\BOOKMARK [1][-]{section.3.1}{3.1 Approach and result 1}{chapter.3}% 17
\BOOKMARK [1][-]{section.3.2}{3.2 Approach and result 2}{chapter.3}% 18
\BOOKMARK [1][-]{section.3.3}{3.3 Approach and result 3}{chapter.3}% 19
\BOOKMARK [0][]{chapter.4}{4 Chemokinesis}{part.2}% 20
\BOOKMARK [1][-]{section.4.1}{4.1 Not sure if there needs to be a section here}{chapter.4}% 21
\BOOKMARK [-1][]{part.3}{ New results}{}% 22
\BOOKMARK [-1][]{part.4}{ Conclusion and outlook}{}% 23
\BOOKMARK [-1][]{part.5}{ Appendix}{}% 24
